{"C:\\Users\\RONYA\\OneDrive\\Escritorio\\Ravn\\Ravn-Challenge-V2-Rony-Garcia\\configs\\Env.ts": {"path":"C:\\Users\\RONYA\\OneDrive\\Escritorio\\Ravn\\Ravn-Challenge-V2-Rony-Garcia\\configs\\Env.ts","statementMap":{"0":{"start":{"line":1,"column":0},"end":{"line":1,"column":28}},"1":{"start":{"line":3,"column":0},"end":{"line":3,"column":24}},"2":{"start":{"line":5,"column":16},"end":{"line":5,"column":76}},"3":{"start":{"line":6,"column":0},"end":{"line":8,"column":3}}},"fnMap":{},"branchMap":{"0":{"loc":{"start":{"line":5,"column":16},"end":{"line":5,"column":76}},"type":"cond-expr","locations":[{"start":{"line":5,"column":38},"end":{"line":5,"column":67}},{"start":{"line":5,"column":70},"end":{"line":5,"column":76}}]}},"s":{"0":2,"1":2,"2":2,"3":2},"f":{},"b":{"0":[0,2]}}
,"C:\\Users\\RONYA\\OneDrive\\Escritorio\\Ravn\\Ravn-Challenge-V2-Rony-Garcia\\test\\config.ts": {"path":"C:\\Users\\RONYA\\OneDrive\\Escritorio\\Ravn\\Ravn-Challenge-V2-Rony-Garcia\\test\\config.ts","statementMap":{"0":{"start":{"line":1,"column":0},"end":{"line":1,"column":24}},"1":{"start":{"line":3,"column":17},"end":{"line":3,"column":26}},"2":{"start":{"line":4,"column":13},"end":{"line":4,"column":29}},"3":{"start":{"line":5,"column":13},"end":{"line":5,"column":29}},"4":{"start":{"line":6,"column":12},"end":{"line":6,"column":40}},"5":{"start":{"line":8,"column":0},"end":{"line":8,"column":19}}},"fnMap":{},"branchMap":{},"s":{"0":2,"1":2,"2":2,"3":2,"4":2,"5":2},"f":{},"b":{}}
}
